#
# There is insufficient memory for the Java Runtime Environment to continue.
# Native memory allocation (malloc) failed to allocate 41091072 bytes for committing reserved memory.
# Possible reasons:
#   The system is out of physical RAM or swap space
#   In 32 bit mode, the process size limit was hit
# Possible solutions:
#   Reduce memory load on the system
#   Increase physical memory or swap space
#   Check if swap backing store is full
#   Use 64 bit Java on a 64 bit OS
#   Decrease Java heap size (-Xmx/-Xms)
#   Decrease number of Java threads
#   Decrease Java thread stack sizes (-Xss)
#   Set larger code cache with -XX:ReservedCodeCacheSize=
# This output file may be truncated or incomplete.
#
#  Out of Memory Error (os_linux.cpp:2756), pid=23613, tid=140515421329152
#
# JRE version:  (7.0_79-b15) (build )
# Java VM: Java HotSpot(TM) 64-Bit Server VM (24.79-b02 mixed mode linux-amd64 compressed oops)
# Failed to write core dump. Core dumps have been disabled. To enable core dumping, try "ulimit -c unlimited" before starting Java again
#

---------------  T H R E A D  ---------------

Current thread (0x00007fcc4400a800):  JavaThread "Unknown thread" [_thread_in_vm, id=23619, stack(0x00007fcc4bb61000,0x00007fcc4bc62000)]

Stack: [0x00007fcc4bb61000,0x00007fcc4bc62000],  sp=0x00007fcc4bc602d0,  free space=1020k
Native frames: (J=compiled Java code, j=interpreted, Vv=VM code, C=native code)
V  [libjvm.so+0x9a32da]  VMError::report_and_die()+0x2ea
V  [libjvm.so+0x497f7b]  report_vm_out_of_memory(char const*, int, unsigned long, char const*)+0x9b
V  [libjvm.so+0x81fcce]  os::Linux::commit_memory_impl(char*, unsigned long, bool)+0xfe
V  [libjvm.so+0x820219]  os::pd_commit_memory(char*, unsigned long, unsigned long, bool)+0x29
V  [libjvm.so+0x819faa]  os::commit_memory(char*, unsigned long, unsigned long, bool)+0x2a
V  [libjvm.so+0x99eae9]  VirtualSpace::expand_by(unsigned long, bool)+0x1c9
V  [libjvm.so+0x99ec6d]  VirtualSpace::initialize(ReservedSpace, unsigned long)+0xcd
V  [libjvm.so+0x57962f]  CardGeneration::CardGeneration(ReservedSpace, unsigned long, int, GenRemSet*)+0x11f
V  [libjvm.so+0x9534e3]  TenuredGeneration::TenuredGeneration(ReservedSpace, unsigned long, int, GenRemSet*)+0x83
V  [libjvm.so+0x57abbd]  GenerationSpec::init(ReservedSpace, int, GenRemSet*)+0x3bd
V  [libjvm.so+0x56afe4]  GenCollectedHeap::initialize()+0x344
V  [libjvm.so+0x9751aa]  Universe::initialize_heap()+0xca
V  [libjvm.so+0x976379]  universe_init()+0x79
V  [libjvm.so+0x5b1d25]  init_globals()+0x65
V  [libjvm.so+0x95dc6d]  Threads::create_vm(JavaVMInitArgs*, bool*)+0x1ed
V  [libjvm.so+0x639fe4]  JNI_CreateJavaVM+0x74
C  [libjli.so+0x2f8e]  JavaMain+0x9e


---------------  P R O C E S S  ---------------

Java Threads: ( => current thread )

Other Threads:

=>0x00007fcc4400a800 (exited) JavaThread "Unknown thread" [_thread_in_vm, id=23619, stack(0x00007fcc4bb61000,0x00007fcc4bc62000)]

VM state:not at safepoint (not fully initialized)

VM Mutex/Monitor currently owned by a thread: None

GC Heap History (0 events):
No events

Deoptimization events (0 events):
No events

Internal exceptions (0 events):
No events

Events (0 events):
No events


Dynamic libraries:
00400000-00401000 r-xp 00000000 ca:01 404371                             /opt/jdk1.7.0_79/bin/java
00600000-00601000 rw-p 00000000 ca:01 404371                             /opt/jdk1.7.0_79/bin/java
02051000-02072000 rw-p 00000000 00:00 0                                  [heap]
c0200000-c1590000 rw-p 00000000 00:00 0 
c1590000-d3b50000 rw-p 00000000 00:00 0 
d6280000-100000000 rw-p 00000000 00:00 0 
3585000000-3585020000 r-xp 00000000 ca:01 229499                         /lib64/ld-2.12.so
358521f000-3585220000 r--p 0001f000 ca:01 229499                         /lib64/ld-2.12.so
3585220000-3585221000 rw-p 00020000 ca:01 229499                         /lib64/ld-2.12.so
3585221000-3585222000 rw-p 00000000 00:00 0 
3585400000-3585402000 r-xp 00000000 ca:01 229524                         /lib64/libdl-2.12.so
3585402000-3585602000 ---p 00002000 ca:01 229524                         /lib64/libdl-2.12.so
3585602000-3585603000 r--p 00002000 ca:01 229524                         /lib64/libdl-2.12.so
3585603000-3585604000 rw-p 00003000 ca:01 229524                         /lib64/libdl-2.12.so
3585800000-358598a000 r-xp 00000000 ca:01 229512                         /lib64/libc-2.12.so
358598a000-3585b8a000 ---p 0018a000 ca:01 229512                         /lib64/libc-2.12.so
3585b8a000-3585b8e000 r--p 0018a000 ca:01 229512                         /lib64/libc-2.12.so
3585b8e000-3585b8f000 rw-p 0018e000 ca:01 229512                         /lib64/libc-2.12.so
3585b8f000-3585b94000 rw-p 00000000 00:00 0 
3585c00000-3585c17000 r-xp 00000000 ca:01 229588                         /lib64/libpthread-2.12.so
3585c17000-3585e17000 ---p 00017000 ca:01 229588                         /lib64/libpthread-2.12.so
3585e17000-3585e18000 r--p 00017000 ca:01 229588                         /lib64/libpthread-2.12.so
3585e18000-3585e19000 rw-p 00018000 ca:01 229588                         /lib64/libpthread-2.12.so
3585e19000-3585e1d000 rw-p 00000000 00:00 0 
3586000000-3586007000 r-xp 00000000 ca:01 229591                         /lib64/librt-2.12.so
3586007000-3586206000 ---p 00007000 ca:01 229591                         /lib64/librt-2.12.so
3586206000-3586207000 r--p 00006000 ca:01 229591                         /lib64/librt-2.12.so
3586207000-3586208000 rw-p 00007000 ca:01 229591                         /lib64/librt-2.12.so
3586400000-3586483000 r-xp 00000000 ca:01 229561                         /lib64/libm-2.12.so
3586483000-3586682000 ---p 00083000 ca:01 229561                         /lib64/libm-2.12.so
3586682000-3586683000 r--p 00082000 ca:01 229561                         /lib64/libm-2.12.so
3586683000-3586684000 rw-p 00083000 ca:01 229561                         /lib64/libm-2.12.so
7fcc43db8000-7fcc44000000 rw-p 00000000 00:00 0 
7fcc44000000-7fcc44027000 rw-p 00000000 00:00 0 
7fcc44027000-7fcc48000000 ---p 00000000 00:00 0 
7fcc48035000-7fcc4803f000 rw-p 00000000 00:00 0 
7fcc4803f000-7fcc48234000 rw-p 00000000 00:00 0 
7fcc48234000-7fcc4823f000 rw-p 00000000 00:00 0 
7fcc4823f000-7fcc482f5000 rw-p 00000000 00:00 0 
7fcc482f5000-7fcc48565000 rwxp 00000000 00:00 0 
7fcc48565000-7fcc4b2f5000 rw-p 00000000 00:00 0 
7fcc4b2f5000-7fcc4b30f000 r-xp 00000000 ca:01 403671                     /opt/jdk1.7.0_79/jre/lib/amd64/libzip.so
7fcc4b30f000-7fcc4b50f000 ---p 0001a000 ca:01 403671                     /opt/jdk1.7.0_79/jre/lib/amd64/libzip.so
7fcc4b50f000-7fcc4b510000 rw-p 0001a000 ca:01 403671                     /opt/jdk1.7.0_79/jre/lib/amd64/libzip.so
7fcc4b510000-7fcc4b51c000 r-xp 00000000 ca:01 229572                     /lib64/libnss_files-2.12.so
7fcc4b51c000-7fcc4b71c000 ---p 0000c000 ca:01 229572                     /lib64/libnss_files-2.12.so
7fcc4b71c000-7fcc4b71d000 r--p 0000c000 ca:01 229572                     /lib64/libnss_files-2.12.so
7fcc4b71d000-7fcc4b71e000 rw-p 0000d000 ca:01 229572                     /lib64/libnss_files-2.12.so
7fcc4b726000-7fcc4b728000 rw-p 00000000 00:00 0 
7fcc4b728000-7fcc4b751000 r-xp 00000000 ca:01 403632                     /opt/jdk1.7.0_79/jre/lib/amd64/libjava.so
7fcc4b751000-7fcc4b951000 ---p 00029000 ca:01 403632                     /opt/jdk1.7.0_79/jre/lib/amd64/libjava.so
7fcc4b951000-7fcc4b953000 rw-p 00029000 ca:01 403632                     /opt/jdk1.7.0_79/jre/lib/amd64/libjava.so
7fcc4b953000-7fcc4b960000 r-xp 00000000 ca:01 403663                     /opt/jdk1.7.0_79/jre/lib/amd64/libverify.so
7fcc4b960000-7fcc4bb5f000 ---p 0000d000 ca:01 403663                     /opt/jdk1.7.0_79/jre/lib/amd64/libverify.so
7fcc4bb5f000-7fcc4bb61000 rw-p 0000c000 ca:01 403663                     /opt/jdk1.7.0_79/jre/lib/amd64/libverify.so
7fcc4bb61000-7fcc4bb64000 ---p 00000000 00:00 0 
7fcc4bb64000-7fcc4bc62000 rw-p 00000000 00:00 0 
7fcc4bc62000-7fcc4c7d7000 r-xp 00000000 ca:01 403692                     /opt/jdk1.7.0_79/jre/lib/amd64/server/libjvm.so
7fcc4c7d7000-7fcc4c9d7000 ---p 00b75000 ca:01 403692                     /opt/jdk1.7.0_79/jre/lib/amd64/server/libjvm.so
7fcc4c9d7000-7fcc4ca9b000 rw-p 00b75000 ca:01 403692                     /opt/jdk1.7.0_79/jre/lib/amd64/server/libjvm.so
7fcc4ca9b000-7fcc4cadf000 rw-p 00000000 00:00 0 
7fcc4cadf000-7fcc4caf5000 r-xp 00000000 ca:01 419026                     /opt/jdk1.7.0_79/lib/amd64/jli/libjli.so
7fcc4caf5000-7fcc4ccf5000 ---p 00016000 ca:01 419026                     /opt/jdk1.7.0_79/lib/amd64/jli/libjli.so
7fcc4ccf5000-7fcc4ccf6000 rw-p 00016000 ca:01 419026                     /opt/jdk1.7.0_79/lib/amd64/jli/libjli.so
7fcc4ccf6000-7fcc4ccf7000 rw-p 00000000 00:00 0 
7fcc4ccf7000-7fcc4ccff000 rw-s 00000000 ca:01 396834                     /tmp/hsperfdata_root/23613
7fcc4ccff000-7fcc4cd00000 rw-p 00000000 00:00 0 
7fcc4cd00000-7fcc4cd01000 r--p 00000000 00:00 0 
7fcc4cd01000-7fcc4cd02000 rw-p 00000000 00:00 0 
7fffeeda9000-7fffeedbf000 rw-p 00000000 00:00 0                          [stack]
7fffeedff000-7fffeee00000 r-xp 00000000 00:00 0                          [vdso]
ffffffffff600000-ffffffffff601000 r-xp 00000000 00:00 0                  [vsyscall]

VM Arguments:
jvm_args: -Dfile.encoding=UTF-8 -Dclojure.compile.path=/root/tweetwordcount/_build/classes -Dtweetwordcount.version=0.0.1-SNAPSHOT -Dclojure.debug=false 
java_command: clojure.main -i /tmp/form-init7423439301609410838.clj
Launcher Type: SUN_STANDARD

Environment Variables:
JAVA_HOME=/opt/jdk1.7.0_79
CLASSPATH=/root/.lein/self-installs/leiningen-2.6.1-standalone.jar
PATH=/usr/local/sbin:/usr/local/bin:/sbin:/bin:/usr/sbin:/usr/bin:/opt/jdk1.7.0_79/bin:/usr/lib/spark/bin:/usr/lib/hadoop/bin:/root/bin
SHELL=/bin/bash

Signal Handlers:
SIGSEGV: [libjvm.so+0x9a3bf0], sa_mask[0]=0x7ffbfeff, sa_flags=0x10000004
SIGBUS: [libjvm.so+0x9a3bf0], sa_mask[0]=0x7ffbfeff, sa_flags=0x10000004
SIGFPE: [libjvm.so+0x81cb60], sa_mask[0]=0x7ffbfeff, sa_flags=0x10000004
SIGPIPE: [libjvm.so+0x81cb60], sa_mask[0]=0x7ffbfeff, sa_flags=0x10000004
SIGXFSZ: [libjvm.so+0x81cb60], sa_mask[0]=0x7ffbfeff, sa_flags=0x10000004
SIGILL: [libjvm.so+0x81cb60], sa_mask[0]=0x7ffbfeff, sa_flags=0x10000004
SIGUSR1: SIG_DFL, sa_mask[0]=0x00000000, sa_flags=0x00000000
SIGUSR2: [libjvm.so+0x81e360], sa_mask[0]=0x00000004, sa_flags=0x10000004
SIGHUP: SIG_DFL, sa_mask[0]=0x00000000, sa_flags=0x00000000
SIGINT: SIG_DFL, sa_mask[0]=0x00000000, sa_flags=0x00000000
SIGTERM: SIG_DFL, sa_mask[0]=0x00000000, sa_flags=0x00000000
SIGQUIT: SIG_DFL, sa_mask[0]=0x00000000, sa_flags=0x00000000


---------------  S Y S T E M  ---------------

OS:CentOS release 6.6 (Final)

uname:Linux 2.6.32-504.12.2.el6.centos.plus.x86_64 #1 SMP Thu Mar 12 18:39:03 UTC 2015 x86_64
libc:glibc 2.12 NPTL 2.12 
rlimit: STACK 10240k, CORE 0k, NPROC 29652, NOFILE 4096, AS infinity
load average:4.17 2.63 2.49

/proc/meminfo:
MemTotal:        3848988 kB
MemFree:           16324 kB
Buffers:             220 kB
Cached:             8100 kB
SwapCached:            0 kB
Active:          3677088 kB
Inactive:           5028 kB
Active(anon):    3675364 kB
Inactive(anon):     3188 kB
Active(file):       1724 kB
Inactive(file):     1840 kB
Unevictable:           0 kB
Mlocked:               0 kB
SwapTotal:             0 kB
SwapFree:              0 kB
Dirty:                64 kB
Writeback:             0 kB
AnonPages:       3673804 kB
Mapped:             4588 kB
Shmem:              4736 kB
Slab:              47656 kB
SReclaimable:      10564 kB
SUnreclaim:        37092 kB
KernelStack:       13592 kB
PageTables:        45440 kB
NFS_Unstable:          0 kB
Bounce:                0 kB
WritebackTmp:          0 kB
CommitLimit:     1924492 kB
Committed_AS:    5962616 kB
VmallocTotal:   34359738367 kB
VmallocUsed:       16788 kB
VmallocChunk:   34359721460 kB
HardwareCorrupted:     0 kB
AnonHugePages:         0 kB
HugePages_Total:       0
HugePages_Free:        0
HugePages_Rsvd:        0
HugePages_Surp:        0
Hugepagesize:       2048 kB
DirectMap4k:     3932160 kB
DirectMap2M:           0 kB


CPU:total 1 (16 cores per cpu, 2 threads per core) family 6 model 62 stepping 4, cmov, cx8, fxsr, mmx, sse, sse2, sse3, ssse3, sse4.1, sse4.2, popcnt, aes, erms, ht, tsc

/proc/cpuinfo:
processor	: 0
vendor_id	: GenuineIntel
cpu family	: 6
model		: 62
model name	: Intel(R) Xeon(R) CPU E5-2670 v2 @ 2.50GHz
stepping	: 4
microcode	: 1045
cpu MHz		: 2500.072
cache size	: 25600 KB
physical id	: 35
siblings	: 1
core id		: 0
cpu cores	: 1
apicid		: 35
initial apicid	: 35
fpu		: yes
fpu_exception	: yes
cpuid level	: 13
wp		: yes
flags		: fpu de tsc msr pae cx8 sep cmov pat clflush mmx fxsr sse sse2 ss ht syscall nx lm constant_tsc up rep_good unfair_spinlock pni pclmulqdq ssse3 cx16 sse4_1 sse4_2 popcnt tsc_deadline_timer aes rdrand hypervisor lahf_lm ida arat epb pln pts dts fsgsbase erms
bogomips	: 5000.14
clflush size	: 64
cache_alignment	: 64
address sizes	: 46 bits physical, 48 bits virtual
power management:



Memory: 4k page, physical 3848988k(16324k free), swap 0k(0k free)

vm_info: Java HotSpot(TM) 64-Bit Server VM (24.79-b02) for linux-amd64 JRE (1.7.0_79-b15), built on Apr 10 2015 11:34:48 by "java_re" with gcc 4.3.0 20080428 (Red Hat 4.3.0-8)

time: Mon Nov 21 02:10:55 2016
elapsed time: 0 seconds

